\BOOKMARK [0][-]{section*.2}{\376\377\004\022\004\062\004\065\004\064\004\065\004\075\004\070\004\065}{}% 1
\BOOKMARK [0][-]{chapter.1}{\376\377\000\240\004\020\004\075\004\060\004\073\004\070\004\102\004\070\004\107\004\065\004\101\004\072\004\070\004\071\000\040\004\100\004\060\004\067\004\064\004\065\004\073\000\040}{}% 2
\BOOKMARK [1][-]{section.1.1}{\376\377\004\041\004\103\004\111\004\065\004\101\004\102\004\062\004\103\004\116\004\111\004\070\004\071\000\040\004\101\004\070\004\101\004\102\004\065\004\074\004\113\000\040\004\060\004\062\004\102\004\076\004\074\004\060\004\102\004\070\004\107\004\065\004\101\004\072\004\076\004\063\004\076\000\040\004\102\004\065\004\101\004\102\004\070\004\100\004\076\004\062\004\060\004\075\004\070\004\117}{chapter.1}% 3
\BOOKMARK [1][-]{section.1.2}{\376\377\004\021\004\060\004\067\004\113\000\040\004\064\004\060\004\075\004\075\004\113\004\105}{chapter.1}% 4
\BOOKMARK [2][-]{subsection.1.2.1}{\376\377\004\040\004\065\004\073\004\117\004\106\004\070\004\076\004\075\004\075\004\060\004\117\000\040\004\074\004\076\004\064\004\065\004\073\004\114}{section.1.2}% 5
\BOOKMARK [2][-]{subsection.1.2.2}{\376\377\004\035\004\065\004\100\004\065\004\073\004\117\004\106\004\070\004\076\004\075\004\075\004\060\004\117\000\040\004\074\004\076\004\064\004\065\004\073\004\114}{section.1.2}% 6
\BOOKMARK [2][-]{subsection.1.2.3}{\376\377\004\041\004\100\004\060\004\062\004\075\004\065\004\075\004\070\004\065\000\040\004\074\004\076\004\064\004\065\004\073\004\065\004\071}{section.1.2}% 7
\BOOKMARK [1][-]{section.1.3}{\376\377\000\040\004\036\004\077\004\070\004\101\004\060\004\075\004\070\004\065\000\040\004\077\004\100\004\065\004\064\004\074\004\065\004\102\004\075\004\076\004\071\000\040\004\076\004\061\004\073\004\060\004\101\004\102\004\070\000\040}{chapter.1}% 8
\BOOKMARK [2][-]{subsection.1.3.1}{\376\377\004\036\004\077\004\100\004\065\004\064\004\065\004\073\004\065\004\075\004\070\004\065\000\040\004\061\004\070\004\067\004\075\004\065\004\101\000-\004\077\004\100\004\060\004\062\004\070\004\073\000\040}{section.1.3}% 9
\BOOKMARK [0][-]{chapter.2}{\376\377\004\032\004\076\004\075\004\101\004\102\004\100\004\103\004\072\004\102\004\076\004\100\004\101\004\072\004\070\004\071\000\040\004\100\004\060\004\067\004\064\004\065\004\073}{}% 10
\BOOKMARK [1][-]{section.2.1}{\376\377\004\036\004\061\004\111\004\060\004\117\000\040\004\101\004\102\004\100\004\103\004\072\004\102\004\103\004\100\004\060\000\040\004\101\004\070\004\101\004\102\004\065\004\074\004\113}{chapter.2}% 11
\BOOKMARK [1][-]{section.2.2}{\376\377\004\040\004\060\004\067\004\100\004\060\004\061\004\076\004\102\004\072\004\060\000\040\004\074\004\076\004\064\004\065\004\073\004\070\000\040\004\064\004\060\004\075\004\075\004\113\004\105}{chapter.2}% 12
\BOOKMARK [1][-]{section.2.3}{\376\377\004\022\004\067\004\060\004\070\004\074\004\076\004\064\004\065\004\071\004\101\004\102\004\062\004\070\004\065\000\040\004\072\004\076\004\074\004\077\004\076\004\075\004\065\004\075\004\102\004\076\004\062\000\040\004\101\004\070\004\101\004\102\004\065\004\074\004\113}{chapter.2}% 13
\BOOKMARK [0][-]{chapter.3}{\376\377\004\042\004\065\004\105\004\075\004\076\004\073\004\076\004\063\004\070\004\107\004\065\004\101\004\072\004\070\004\071\000\040\004\100\004\060\004\067\004\064\004\065\004\073}{}% 14
\BOOKMARK [1][-]{section.3.1}{\376\377\004\041\004\065\004\100\004\062\004\065\004\100}{chapter.3}% 15
\BOOKMARK [2][-]{subsection.3.1.1}{\376\377\004\021\004\060\004\067\004\060\000\040\004\064\004\060\004\075\004\075\004\113\004\105}{section.3.1}% 16
\BOOKMARK [2][-]{subsection.3.1.2}{\376\377\004\057\004\067\004\113\004\072}{section.3.1}% 17
\BOOKMARK [2][-]{subsection.3.1.3}{\376\377\000S\000e\000r\000v\000a\000n\000t}{section.3.1}% 18
\BOOKMARK [2][-]{subsection.3.1.4}{\376\377\000P\000e\000r\000s\000i\000s\000t\000e\000n\000t}{section.3.1}% 19
\BOOKMARK [2][-]{subsection.3.1.5}{\376\377\004\041\004\076\004\067\004\064\004\060\004\075\004\070\004\065\000\040\004\072\004\076\004\073\004\073\004\065\004\072\004\106\004\070\004\071}{section.3.1}% 20
\BOOKMARK [2][-]{subsection.3.1.6}{\376\377\004\041\004\076\004\067\004\064\004\060\004\075\004\070\004\065\000\040\004\070\004\075\004\064\004\065\004\072\004\101\004\076\004\062\000\040\004\072\004\076\004\073\004\073\004\065\004\072\004\106\004\070\004\070\000\040\000u\000s\000e\000r}{section.3.1}% 21
\BOOKMARK [2][-]{subsection.3.1.7}{\376\377\004\041\004\076\004\067\004\064\004\060\004\075\004\070\004\065\000\040\004\070\004\075\004\064\004\065\004\072\004\101\004\076\004\062\000\040\004\072\004\076\004\073\004\073\004\065\004\072\004\106\004\070\004\070\000\040\000q\000u\000i\000z}{section.3.1}% 22
\BOOKMARK [2][-]{subsection.3.1.8}{\376\377\004\036\004\077\004\070\004\101\004\060\004\075\004\070\004\065\000\040\004\074\004\065\004\102\004\076\004\064\004\076\004\062\000\040\000A\000P\000I}{section.3.1}% 23
\BOOKMARK [1][-]{section.3.2}{\376\377\004\032\004\073\004\070\004\065\004\075\004\102}{chapter.3}% 24
\BOOKMARK [0][-]{section*.29}{\376\377\004\027\004\060\004\072\004\073\004\116\004\107\004\065\004\075\004\070\004\065}{}% 25
